2017-10-19 11:48:49,984 - Main.py:46 - tst - 2017-10-19 11:48:49:


2017-10-19 11:48:49,997 - Main.py:46 - tst - 2017-10-19 11:48:49:


2017-10-19 11:48:49,997 - Main.py:46 - tst - 2017-10-19 11:48:49:


2017-10-19 11:48:49,997 - Main.py:46 - tst - 2017-10-19 11:48:49:


2017-10-19 11:48:49,997 - Main.py:46 - tst - 2017-10-19 11:48:49:


2017-10-19 11:48:49,997 - Main.py:46 - tst - 2017-10-19 11:48:49:


2017-10-19 11:48:49,997 - Main.py:46 - tst - 2017-10-19 11:48:49:


2017-10-19 11:48:49,999 - Main.py:46 - tst - 2017-10-19 11:48:49:


2017-10-19 11:48:49,999 - Main.py:46 - tst - 2017-10-19 11:48:49:


2017-10-19 11:48:49,999 - Main.py:46 - tst - 2017-10-19 11:48:49:


2017-10-19 11:48:49,999 - Main.py:46 - tst - 2017-10-19 11:48:49:


2017-10-19 11:48:49,999 - Main.py:46 - tst - 2017-10-19 11:48:49:


2017-10-19 11:48:49,999 - Main.py:46 - tst - 2017-10-19 11:48:49:


2017-10-19 11:48:50,000 - Main.py:46 - tst - 2017-10-19 11:48:49:


2017-10-19 11:48:50,000 - Main.py:46 - tst - 2017-10-19 11:48:50:


2017-10-19 11:48:50,000 - Main.py:46 - tst - 2017-10-19 11:48:50:


2017-10-19 11:48:50,000 - Main.py:46 - tst - 2017-10-19 11:48:50:


2017-10-19 11:48:50,000 - Main.py:46 - tst - 2017-10-19 11:48:50:


2017-10-19 11:48:50,000 - Main.py:46 - tst - 2017-10-19 11:48:50:


2017-10-19 11:48:50,001 - Main.py:46 - tst - 2017-10-19 11:48:50:


2017-10-19 11:48:50,001 - Main.py:46 - tst - 2017-10-19 11:48:50:


2017-10-19 11:48:50,001 - Main.py:46 - tst - 2017-10-19 11:48:50:


2017-10-19 11:48:50,001 - Main.py:46 - tst - 2017-10-19 11:48:50:


2017-10-19 11:48:50,001 - Main.py:46 - tst - 2017-10-19 11:48:50:


2017-10-19 11:48:50,001 - Main.py:46 - tst - 2017-10-19 11:48:50:


2017-10-19 11:48:50,002 - Main.py:46 - tst - 2017-10-19 11:48:50:


2017-10-19 11:48:50,002 - Main.py:46 - tst - 2017-10-19 11:48:50:


2017-10-19 11:48:50,002 - Main.py:46 - tst - 2017-10-19 11:48:50:


2017-10-19 11:48:50,002 - Main.py:46 - tst - 2017-10-19 11:48:50:


2017-10-19 11:48:50,002 - Main.py:46 - tst - 2017-10-19 11:48:50:


2017-10-19 11:48:50,002 - Main.py:46 - tst - 2017-10-19 11:48:50:


2017-10-19 11:48:50,002 - Main.py:46 - tst - 2017-10-19 11:48:50:


2017-10-19 11:48:50,002 - Main.py:46 - tst - 2017-10-19 11:48:50:


2017-10-19 11:48:50,004 - Main.py:46 - tst - 2017-10-19 11:48:50:


2017-10-19 11:48:50,004 - Main.py:46 - tst - 2017-10-19 11:48:50:


2017-10-19 11:48:50,004 - Main.py:46 - tst - 2017-10-19 11:48:50:


2017-10-19 11:48:50,004 - Main.py:46 - tst - 2017-10-19 11:48:50:


2017-10-19 11:48:50,004 - Main.py:46 - tst - 2017-10-19 11:48:50:


2017-10-19 11:48:50,004 - Main.py:46 - tst - 2017-10-19 11:48:50:


2017-10-19 11:48:50,004 - Main.py:46 - tst - 2017-10-19 11:48:50:


2017-10-19 11:48:50,005 - Main.py:46 - tst - 2017-10-19 11:48:50:


2017-10-19 11:48:50,005 - Main.py:46 - tst - 2017-10-19 11:48:50:


2017-10-19 11:48:50,005 - Main.py:46 - tst - 2017-10-19 11:48:50:


2017-10-19 11:48:50,005 - Main.py:46 - tst - 2017-10-19 11:48:50:


2017-10-19 11:48:50,005 - Main.py:46 - tst - 2017-10-19 11:48:50:


2017-10-19 11:48:50,006 - Main.py:46 - tst - 2017-10-19 11:48:50:


2017-10-19 11:48:50,006 - Main.py:46 - tst - 2017-10-19 11:48:50:


2017-10-19 11:48:50,006 - Main.py:46 - tst - 2017-10-19 11:48:50:


2017-10-19 11:48:50,006 - Main.py:46 - tst - 2017-10-19 11:48:50:


2017-10-19 11:48:50,006 - Main.py:46 - tst - 2017-10-19 11:48:50:


2017-10-19 11:48:50,006 - Main.py:46 - tst - 2017-10-19 11:48:50:


2017-10-19 11:48:50,006 - Main.py:46 - tst - 2017-10-19 11:48:50:


2017-10-19 11:48:50,006 - Main.py:46 - tst - 2017-10-19 11:48:50:


2017-10-19 11:48:50,007 - Main.py:46 - tst - 2017-10-19 11:48:50:


2017-10-19 11:48:50,007 - Main.py:46 - tst - 2017-10-19 11:48:50:


2017-10-19 11:48:50,007 - Main.py:46 - tst - 2017-10-19 11:48:50:


2017-10-19 11:48:50,007 - Main.py:46 - tst - 2017-10-19 11:48:50:


2017-10-19 11:48:50,007 - Main.py:46 - tst - 2017-10-19 11:48:50:


2017-10-19 11:48:50,007 - Main.py:46 - tst - 2017-10-19 11:48:50:


2017-10-19 11:48:50,009 - Main.py:46 - tst - 2017-10-19 11:48:50:


2017-10-19 11:48:50,009 - Main.py:46 - tst - 2017-10-19 11:48:50:


2017-10-19 11:48:50,009 - Main.py:46 - tst - 2017-10-19 11:48:50:


2017-10-19 11:48:50,009 - Main.py:46 - tst - 2017-10-19 11:48:50:


2017-10-19 11:48:50,009 - Main.py:46 - tst - 2017-10-19 11:48:50:


2017-10-19 11:48:50,009 - Main.py:46 - tst - 2017-10-19 11:48:50:


2017-10-19 11:48:50,009 - Main.py:46 - tst - 2017-10-19 11:48:50:


2017-10-19 11:48:50,009 - Main.py:46 - tst - 2017-10-19 11:48:50:


2017-10-19 11:48:50,010 - Main.py:46 - tst - 2017-10-19 11:48:50:


2017-10-19 11:48:50,010 - Main.py:46 - tst - 2017-10-19 11:48:50:


2017-10-19 11:48:50,010 - Main.py:46 - tst - 2017-10-19 11:48:50:


2017-10-19 11:48:50,010 - Main.py:46 - tst - 2017-10-19 11:48:50:


2017-10-19 11:48:50,010 - Main.py:46 - tst - 2017-10-19 11:48:50:


2017-10-19 11:48:50,010 - Main.py:46 - tst - 2017-10-19 11:48:50:


2017-10-19 11:48:50,010 - Main.py:46 - tst - 2017-10-19 11:48:50:


2017-10-19 11:48:50,010 - Main.py:46 - tst - 2017-10-19 11:48:50:


2017-10-19 11:48:50,011 - Main.py:46 - tst - 2017-10-19 11:48:50:


2017-10-19 11:48:50,011 - Main.py:46 - tst - 2017-10-19 11:48:50:


2017-10-19 11:48:50,011 - Main.py:46 - tst - 2017-10-19 11:48:50:


2017-10-19 11:48:50,011 - Main.py:46 - tst - 2017-10-19 11:48:50:


2017-10-19 11:48:50,011 - Main.py:46 - tst - 2017-10-19 11:48:50:


2017-10-19 11:48:50,011 - Main.py:46 - tst - 2017-10-19 11:48:50:


2017-10-19 11:48:50,011 - Main.py:46 - tst - 2017-10-19 11:48:50:


2017-10-19 11:48:50,011 - Main.py:46 - tst - 2017-10-19 11:48:50:


2017-10-19 11:48:50,012 - Main.py:46 - tst - 2017-10-19 11:48:50:


2017-10-19 11:48:50,012 - Main.py:46 - tst - 2017-10-19 11:48:50:


2017-10-19 11:48:50,012 - Main.py:46 - tst - 2017-10-19 11:48:50:


2017-10-19 11:48:50,012 - Main.py:46 - tst - 2017-10-19 11:48:50:


2017-10-19 11:48:50,012 - Main.py:46 - tst - 2017-10-19 11:48:50:


2017-10-19 11:48:50,012 - Main.py:46 - tst - 2017-10-19 11:48:50:


2017-10-19 11:48:50,012 - Main.py:46 - tst - 2017-10-19 11:48:50:


2017-10-19 11:48:50,012 - Main.py:46 - tst - 2017-10-19 11:48:50:


2017-10-19 11:48:50,012 - Main.py:46 - tst - 2017-10-19 11:48:50:


2017-10-19 11:48:50,014 - Main.py:46 - tst - 2017-10-19 11:48:50:


2017-10-19 11:48:50,014 - Main.py:46 - tst - 2017-10-19 11:48:50:


2017-10-19 11:48:50,014 - Main.py:46 - tst - 2017-10-19 11:48:50:


2017-10-19 11:48:50,014 - Main.py:46 - tst - 2017-10-19 11:48:50:


2017-10-19 11:48:50,014 - Main.py:46 - tst - 2017-10-19 11:48:50:


2017-10-19 11:48:50,014 - Main.py:46 - tst - 2017-10-19 11:48:50:


2017-10-19 11:48:50,014 - Main.py:46 - tst - 2017-10-19 11:48:50:


2017-10-19 11:48:50,014 - Main.py:46 - tst - 2017-10-19 11:48:50:


2017-10-19 11:48:50,015 - Main.py:46 - tst - 2017-10-19 11:48:50:


2017-10-19 11:48:50,015 - Main.py:46 - tst - 2017-10-19 11:48:50:


2017-10-19 11:48:50,015 - Main.py:46 - tst - 2017-10-19 11:48:50:


2017-10-19 11:48:50,015 - Main.py:46 - tst - 2017-10-19 11:48:50:


2017-10-19 11:48:50,015 - Main.py:46 - tst - 2017-10-19 11:48:50:


2017-10-19 11:48:50,015 - Main.py:46 - tst - 2017-10-19 11:48:50:


2017-10-19 11:48:50,015 - Main.py:46 - tst - 2017-10-19 11:48:50:


2017-10-19 11:48:50,015 - Main.py:46 - tst - 2017-10-19 11:48:50:


2017-10-19 11:48:50,016 - Main.py:46 - tst - 2017-10-19 11:48:50:


2017-10-19 11:48:50,016 - Main.py:46 - tst - 2017-10-19 11:48:50:


2017-10-19 11:48:50,016 - Main.py:46 - tst - 2017-10-19 11:48:50:


2017-10-19 11:48:50,016 - Main.py:46 - tst - 2017-10-19 11:48:50:


2017-10-19 11:48:50,016 - Main.py:46 - tst - 2017-10-19 11:48:50:


2017-10-19 11:48:50,016 - Main.py:46 - tst - 2017-10-19 11:48:50:


2017-10-19 11:48:50,016 - Main.py:46 - tst - 2017-10-19 11:48:50:


2017-10-19 11:48:50,016 - Main.py:46 - tst - 2017-10-19 11:48:50:


2017-10-19 11:48:50,016 - Main.py:46 - tst - 2017-10-19 11:48:50:


2017-10-19 11:48:50,017 - Main.py:46 - tst - 2017-10-19 11:48:50:


2017-10-19 11:48:50,017 - Main.py:46 - tst - 2017-10-19 11:48:50:


2017-10-19 11:48:50,017 - Main.py:46 - tst - 2017-10-19 11:48:50:


2017-10-19 11:48:50,017 - Main.py:46 - tst - 2017-10-19 11:48:50:


2017-10-19 11:48:50,017 - Main.py:46 - tst - 2017-10-19 11:48:50:


2017-10-19 11:48:50,017 - Main.py:46 - tst - 2017-10-19 11:48:50:


2017-10-19 11:48:50,017 - Main.py:46 - tst - 2017-10-19 11:48:50:


2017-10-19 11:48:50,017 - Main.py:46 - tst - 2017-10-19 11:48:50:


2017-10-19 11:48:50,019 - Main.py:46 - tst - 2017-10-19 11:48:50:


2017-10-19 11:48:50,019 - Main.py:46 - tst - 2017-10-19 11:48:50:


2017-10-19 11:48:50,019 - Main.py:46 - tst - 2017-10-19 11:48:50:


2017-10-19 11:48:50,019 - Main.py:46 - tst - 2017-10-19 11:48:50:


2017-10-19 11:48:50,019 - Main.py:46 - tst - 2017-10-19 11:48:50:


2017-10-19 11:48:50,019 - Main.py:46 - tst - 2017-10-19 11:48:50:


2017-10-19 11:48:50,020 - Main.py:46 - tst - 2017-10-19 11:48:50:


2017-10-19 11:48:50,020 - Main.py:46 - tst - 2017-10-19 11:48:50:


2017-10-19 11:48:50,020 - Main.py:46 - tst - 2017-10-19 11:48:50:


2017-10-19 11:48:50,020 - Main.py:46 - tst - 2017-10-19 11:48:50:


2017-10-19 11:48:50,020 - Main.py:46 - tst - 2017-10-19 11:48:50:


2017-10-19 11:48:50,020 - Main.py:46 - tst - 2017-10-19 11:48:50:


2017-10-19 11:48:50,020 - Main.py:46 - tst - 2017-10-19 11:48:50:


2017-10-19 11:48:50,021 - Main.py:46 - tst - 2017-10-19 11:48:50:


2017-10-19 11:48:50,021 - Main.py:46 - tst - 2017-10-19 11:48:50:


2017-10-19 11:48:50,021 - Main.py:46 - tst - 2017-10-19 11:48:50:


2017-10-19 11:48:50,021 - Main.py:46 - tst - 2017-10-19 11:48:50:


2017-10-19 11:48:50,021 - Main.py:46 - tst - 2017-10-19 11:48:50:


2017-10-19 11:48:50,021 - Main.py:46 - tst - 2017-10-19 11:48:50:


2017-10-19 11:48:50,021 - Main.py:46 - tst - 2017-10-19 11:48:50:


2017-10-19 11:48:50,022 - Main.py:46 - tst - 2017-10-19 11:48:50:


2017-10-19 11:48:50,022 - Main.py:46 - tst - 2017-10-19 11:48:50:


2017-10-19 11:48:50,022 - Main.py:46 - tst - 2017-10-19 11:48:50:


2017-10-19 11:48:50,022 - Main.py:46 - tst - 2017-10-19 11:48:50:


2017-10-19 11:48:50,022 - Main.py:46 - tst - 2017-10-19 11:48:50:


2017-10-19 11:48:50,022 - Main.py:46 - tst - 2017-10-19 11:48:50:


2017-10-19 11:48:50,022 - Main.py:46 - tst - 2017-10-19 11:48:50:


2017-10-19 11:48:50,022 - Main.py:46 - tst - 2017-10-19 11:48:50:


2017-10-19 11:48:50,024 - Main.py:46 - tst - 2017-10-19 11:48:50:


2017-10-19 11:48:50,024 - Main.py:46 - tst - 2017-10-19 11:48:50:


2017-10-19 11:48:50,024 - Main.py:46 - tst - 2017-10-19 11:48:50:


2017-10-19 11:48:50,024 - Main.py:46 - tst - 2017-10-19 11:48:50:


2017-10-19 11:48:50,024 - Main.py:46 - tst - 2017-10-19 11:48:50:


2017-10-19 11:48:50,024 - Main.py:46 - tst - 2017-10-19 11:48:50:


2017-10-19 11:48:50,024 - Main.py:46 - tst - 2017-10-19 11:48:50:


2017-10-19 11:48:50,024 - Main.py:46 - tst - 2017-10-19 11:48:50:


2017-10-19 11:48:50,024 - Main.py:46 - tst - 2017-10-19 11:48:50:


2017-10-19 11:48:50,025 - Main.py:46 - tst - 2017-10-19 11:48:50:


2017-10-19 11:48:50,025 - Main.py:46 - tst - 2017-10-19 11:48:50:


2017-10-19 11:48:50,025 - Main.py:46 - tst - 2017-10-19 11:48:50:


2017-10-19 11:48:50,025 - Main.py:46 - tst - 2017-10-19 11:48:50:


2017-10-19 11:48:50,025 - Main.py:46 - tst - 2017-10-19 11:48:50:


2017-10-19 11:48:50,025 - Main.py:46 - tst - 2017-10-19 11:48:50:


2017-10-19 11:48:50,025 - Main.py:46 - tst - 2017-10-19 11:48:50:


2017-10-19 11:48:50,025 - Main.py:46 - tst - 2017-10-19 11:48:50:


2017-10-19 11:48:50,025 - Main.py:46 - tst - 2017-10-19 11:48:50:


2017-10-19 11:48:50,026 - Main.py:46 - tst - 2017-10-19 11:48:50:


2017-10-19 11:48:50,026 - Main.py:46 - tst - 2017-10-19 11:48:50:


2017-10-19 11:48:50,026 - Main.py:46 - tst - 2017-10-19 11:48:50:


2017-10-19 11:48:50,026 - Main.py:46 - tst - 2017-10-19 11:48:50:


2017-10-19 11:48:50,026 - Main.py:46 - tst - 2017-10-19 11:48:50:


2017-10-19 11:48:50,026 - Main.py:46 - tst - 2017-10-19 11:48:50:


2017-10-19 11:48:50,026 - Main.py:46 - tst - 2017-10-19 11:48:50:


2017-10-19 11:48:50,027 - Main.py:46 - tst - 2017-10-19 11:48:50:


2017-10-19 11:48:50,027 - Main.py:46 - tst - 2017-10-19 11:48:50:


2017-10-19 11:48:50,027 - Main.py:46 - tst - 2017-10-19 11:48:50:


2017-10-19 11:48:50,027 - Main.py:46 - tst - 2017-10-19 11:48:50:


2017-10-19 11:48:50,027 - Main.py:46 - tst - 2017-10-19 11:48:50:


2017-10-19 11:48:50,027 - Main.py:46 - tst - 2017-10-19 11:48:50:


2017-10-19 11:48:50,027 - Main.py:46 - tst - 2017-10-19 11:48:50:


2017-10-19 11:48:50,027 - Main.py:46 - tst - 2017-10-19 11:48:50:


2017-10-19 11:48:50,027 - Main.py:46 - tst - 2017-10-19 11:48:50:


2017-10-19 11:48:50,029 - Main.py:46 - tst - 2017-10-19 11:48:50:


2017-10-19 11:48:50,029 - Main.py:46 - tst - 2017-10-19 11:48:50:


2017-10-19 11:48:50,029 - Main.py:46 - tst - 2017-10-19 11:48:50:


2017-10-19 11:48:50,029 - Main.py:46 - tst - 2017-10-19 11:48:50:


2017-10-19 11:48:50,029 - Main.py:46 - tst - 2017-10-19 11:48:50:


2017-10-19 11:48:50,029 - Main.py:46 - tst - 2017-10-19 11:48:50:


2017-10-19 11:48:50,029 - Main.py:46 - tst - 2017-10-19 11:48:50:


2017-10-19 11:48:50,029 - Main.py:46 - tst - 2017-10-19 11:48:50:


2017-10-19 11:48:50,029 - Main.py:46 - tst - 2017-10-19 11:48:50:


2017-10-19 11:48:50,029 - Main.py:46 - tst - 2017-10-19 11:48:50:


2017-10-19 11:48:50,030 - Main.py:46 - tst - 2017-10-19 11:48:50:


2017-10-19 11:48:50,030 - Main.py:46 - tst - 2017-10-19 11:48:50:


2017-10-19 11:48:50,030 - Main.py:46 - tst - 2017-10-19 11:48:50:


2017-10-19 11:48:50,030 - Main.py:46 - tst - 2017-10-19 11:48:50:


2017-10-19 11:48:50,030 - Main.py:46 - tst - 2017-10-19 11:48:50:


2017-10-19 11:48:50,030 - Main.py:46 - tst - 2017-10-19 11:48:50:


2017-10-19 11:48:50,030 - Main.py:46 - tst - 2017-10-19 11:48:50:


2017-10-19 11:48:50,030 - Main.py:46 - tst - 2017-10-19 11:48:50:


2017-10-19 11:48:50,031 - Main.py:46 - tst - 2017-10-19 11:48:50:


2017-10-19 11:48:50,031 - Main.py:46 - tst - 2017-10-19 11:48:50:


2017-10-19 11:48:50,031 - Main.py:46 - tst - 2017-10-19 11:48:50:


2017-10-19 11:48:50,031 - Main.py:46 - tst - 2017-10-19 11:48:50:


2017-10-19 11:48:50,031 - Main.py:46 - tst - 2017-10-19 11:48:50:


2017-10-19 11:48:50,031 - Main.py:46 - tst - 2017-10-19 11:48:50:


2017-10-19 11:48:50,031 - Main.py:46 - tst - 2017-10-19 11:48:50:


2017-10-19 11:48:50,031 - Main.py:46 - tst - 2017-10-19 11:48:50:


2017-10-19 11:48:50,032 - Main.py:46 - tst - 2017-10-19 11:48:50:


2017-10-19 11:48:50,032 - Main.py:46 - tst - 2017-10-19 11:48:50:


2017-10-19 11:48:50,032 - Main.py:46 - tst - 2017-10-19 11:48:50:


2017-10-19 11:48:50,032 - Main.py:46 - tst - 2017-10-19 11:48:50:


2017-10-19 11:48:50,032 - Main.py:46 - tst - 2017-10-19 11:48:50:


2017-10-19 11:48:50,032 - Main.py:46 - tst - 2017-10-19 11:48:50:


2017-10-19 11:48:50,032 - Main.py:46 - tst - 2017-10-19 11:48:50:


2017-10-19 11:48:50,032 - Main.py:46 - tst - 2017-10-19 11:48:50:


2017-10-19 11:48:50,032 - Main.py:46 - tst - 2017-10-19 11:48:50:


2017-10-19 11:48:50,034 - Main.py:46 - tst - 2017-10-19 11:48:50:


2017-10-19 11:48:50,034 - Main.py:46 - tst - 2017-10-19 11:48:50:


2017-10-19 11:48:50,034 - Main.py:46 - tst - 2017-10-19 11:48:50:


2017-10-19 11:48:50,034 - Main.py:46 - tst - 2017-10-19 11:48:50:


2017-10-19 11:48:50,034 - Main.py:46 - tst - 2017-10-19 11:48:50:


2017-10-19 11:48:50,034 - Main.py:46 - tst - 2017-10-19 11:48:50:


2017-10-19 11:48:50,034 - Main.py:46 - tst - 2017-10-19 11:48:50:


2017-10-19 11:48:50,034 - Main.py:46 - tst - 2017-10-19 11:48:50:


2017-10-19 11:48:50,034 - Main.py:46 - tst - 2017-10-19 11:48:50:


2017-10-19 11:48:50,035 - Main.py:46 - tst - 2017-10-19 11:48:50:


2017-10-19 11:48:50,035 - Main.py:46 - tst - 2017-10-19 11:48:50:


2017-10-19 11:48:50,035 - Main.py:46 - tst - 2017-10-19 11:48:50:


2017-10-19 11:48:50,035 - Main.py:46 - tst - 2017-10-19 11:48:50:


2017-10-19 11:48:50,035 - Main.py:46 - tst - 2017-10-19 11:48:50:


2017-10-19 11:48:50,035 - Main.py:46 - tst - 2017-10-19 11:48:50:


2017-10-19 11:48:50,035 - Main.py:46 - tst - 2017-10-19 11:48:50:


2017-10-19 11:48:50,035 - Main.py:46 - tst - 2017-10-19 11:48:50:


2017-10-19 11:48:50,035 - Main.py:46 - tst - 2017-10-19 11:48:50:


2017-10-19 11:48:50,036 - Main.py:46 - tst - 2017-10-19 11:48:50:


2017-10-19 11:48:50,036 - Main.py:46 - tst - 2017-10-19 11:48:50:


2017-10-19 11:48:50,036 - Main.py:46 - tst - 2017-10-19 11:48:50:


2017-10-19 11:48:50,036 - Main.py:46 - tst - 2017-10-19 11:48:50:


2017-10-19 11:48:50,036 - Main.py:46 - tst - 2017-10-19 11:48:50:


2017-10-19 11:48:50,036 - Main.py:46 - tst - 2017-10-19 11:48:50:


2017-10-19 11:48:50,037 - Main.py:46 - tst - 2017-10-19 11:48:50:


2017-10-19 11:48:50,037 - Main.py:46 - tst - 2017-10-19 11:48:50:


2017-10-19 11:48:50,037 - Main.py:46 - tst - 2017-10-19 11:48:50:


2017-10-19 11:48:50,037 - Main.py:46 - tst - 2017-10-19 11:48:50:


2017-10-19 11:48:50,037 - Main.py:46 - tst - 2017-10-19 11:48:50:


2017-10-19 11:48:50,037 - Main.py:46 - tst - 2017-10-19 11:48:50:


2017-10-19 11:48:50,039 - Main.py:46 - tst - 2017-10-19 11:48:50:


2017-10-19 11:48:50,039 - Main.py:46 - tst - 2017-10-19 11:48:50:


2017-10-19 11:48:50,039 - Main.py:46 - tst - 2017-10-19 11:48:50:


2017-10-19 11:48:50,039 - Main.py:46 - tst - 2017-10-19 11:48:50:


2017-10-19 11:48:50,039 - Main.py:46 - tst - 2017-10-19 11:48:50:


2017-10-19 11:48:50,039 - Main.py:46 - tst - 2017-10-19 11:48:50:


2017-10-19 11:48:50,039 - Main.py:46 - tst - 2017-10-19 11:48:50:


2017-10-19 11:48:50,040 - Main.py:46 - tst - 2017-10-19 11:48:50:


2017-10-19 11:48:50,040 - Main.py:46 - tst - 2017-10-19 11:48:50:


2017-10-19 11:48:50,040 - Main.py:46 - tst - 2017-10-19 11:48:50:


2017-10-19 11:48:50,040 - Main.py:46 - tst - 2017-10-19 11:48:50:


2017-10-19 11:48:50,040 - Main.py:46 - tst - 2017-10-19 11:48:50:


2017-10-19 11:48:50,040 - Main.py:46 - tst - 2017-10-19 11:48:50:


2017-10-19 11:48:50,041 - Main.py:46 - tst - 2017-10-19 11:48:50:


2017-10-19 11:48:50,041 - Main.py:46 - tst - 2017-10-19 11:48:50:


2017-10-19 11:48:50,041 - Main.py:46 - tst - 2017-10-19 11:48:50:


2017-10-19 11:48:50,041 - Main.py:46 - tst - 2017-10-19 11:48:50:


2017-10-19 11:48:50,041 - Main.py:46 - tst - 2017-10-19 11:48:50:


2017-10-19 11:48:50,041 - Main.py:46 - tst - 2017-10-19 11:48:50:


2017-10-19 11:48:50,041 - Main.py:46 - tst - 2017-10-19 11:48:50:


2017-10-19 11:48:50,041 - Main.py:46 - tst - 2017-10-19 11:48:50:


2017-10-19 11:48:50,042 - Main.py:46 - tst - 2017-10-19 11:48:50:


2017-10-19 11:48:50,042 - Main.py:46 - tst - 2017-10-19 11:48:50:


2017-10-19 11:48:50,042 - Main.py:46 - tst - 2017-10-19 11:48:50:


2017-10-19 11:48:50,042 - Main.py:46 - tst - 2017-10-19 11:48:50:


2017-10-19 11:48:50,042 - Main.py:46 - tst - 2017-10-19 11:48:50:


2017-10-19 11:48:50,042 - Main.py:46 - tst - 2017-10-19 11:48:50:


2017-10-19 11:48:50,042 - Main.py:46 - tst - 2017-10-19 11:48:50:


2017-10-19 11:48:50,044 - Main.py:46 - tst - 2017-10-19 11:48:50:


2017-10-19 11:48:50,044 - Main.py:46 - tst - 2017-10-19 11:48:50:


2017-10-19 11:48:50,044 - Main.py:46 - tst - 2017-10-19 11:48:50:


2017-10-19 11:48:50,044 - Main.py:46 - tst - 2017-10-19 11:48:50:


2017-10-19 11:48:50,044 - Main.py:46 - tst - 2017-10-19 11:48:50:


2017-10-19 11:48:50,044 - Main.py:46 - tst - 2017-10-19 11:48:50:


2017-10-19 11:48:50,044 - Main.py:46 - tst - 2017-10-19 11:48:50:


2017-10-19 11:48:50,045 - Main.py:46 - tst - 2017-10-19 11:48:50:


2017-10-19 11:48:50,045 - Main.py:46 - tst - 2017-10-19 11:48:50:


2017-10-19 11:48:50,045 - Main.py:46 - tst - 2017-10-19 11:48:50:


2017-10-19 11:48:50,045 - Main.py:46 - tst - 2017-10-19 11:48:50:


2017-10-19 11:48:50,045 - Main.py:46 - tst - 2017-10-19 11:48:50:


2017-10-19 11:48:50,045 - Main.py:46 - tst - 2017-10-19 11:48:50:


2017-10-19 11:48:50,045 - Main.py:46 - tst - 2017-10-19 11:48:50:


2017-10-19 11:48:50,045 - Main.py:46 - tst - 2017-10-19 11:48:50:


2017-10-19 11:48:50,046 - Main.py:46 - tst - 2017-10-19 11:48:50:


2017-10-19 11:48:50,046 - Main.py:46 - tst - 2017-10-19 11:48:50:


2017-10-19 11:48:50,046 - Main.py:46 - tst - 2017-10-19 11:48:50:


2017-10-19 11:48:50,046 - Main.py:46 - tst - 2017-10-19 11:48:50:


2017-10-19 11:48:50,046 - Main.py:46 - tst - 2017-10-19 11:48:50:


2017-10-19 11:48:50,046 - Main.py:46 - tst - 2017-10-19 11:48:50:


2017-10-19 11:48:50,046 - Main.py:46 - tst - 2017-10-19 11:48:50:


2017-10-19 11:48:50,047 - Main.py:46 - tst - 2017-10-19 11:48:50:


2017-10-19 11:48:50,047 - Main.py:46 - tst - 2017-10-19 11:48:50:


2017-10-19 11:48:50,047 - Main.py:46 - tst - 2017-10-19 11:48:50:


2017-10-19 11:48:50,047 - Main.py:46 - tst - 2017-10-19 11:48:50:


2017-10-19 11:48:50,047 - Main.py:46 - tst - 2017-10-19 11:48:50:


2017-10-19 11:48:50,047 - Main.py:46 - tst - 2017-10-19 11:48:50:


2017-10-19 11:48:50,047 - Main.py:46 - tst - 2017-10-19 11:48:50:


2017-10-19 11:48:50,047 - Main.py:46 - tst - 2017-10-19 11:48:50:


2017-10-19 11:48:50,049 - Main.py:46 - tst - 2017-10-19 11:48:50:


2017-10-19 11:48:50,049 - Main.py:46 - tst - 2017-10-19 11:48:50:


2017-10-19 11:48:50,049 - Main.py:46 - tst - 2017-10-19 11:48:50:


2017-10-19 11:48:50,049 - Main.py:46 - tst - 2017-10-19 11:48:50:


2017-10-19 11:48:50,049 - Main.py:46 - tst - 2017-10-19 11:48:50:


2017-10-19 11:48:50,049 - Main.py:46 - tst - 2017-10-19 11:48:50:


2017-10-19 11:48:50,050 - Main.py:46 - tst - 2017-10-19 11:48:50:


2017-10-19 11:48:50,050 - Main.py:46 - tst - 2017-10-19 11:48:50:


2017-10-19 11:48:50,050 - Main.py:46 - tst - 2017-10-19 11:48:50:


2017-10-19 11:48:50,050 - Main.py:46 - tst - 2017-10-19 11:48:50:


2017-10-19 11:48:50,050 - Main.py:46 - tst - 2017-10-19 11:48:50:


2017-10-19 11:48:50,050 - Main.py:46 - tst - 2017-10-19 11:48:50:


2017-10-19 11:48:50,050 - Main.py:46 - tst - 2017-10-19 11:48:50:


2017-10-19 11:48:50,051 - Main.py:46 - tst - 2017-10-19 11:48:50:


2017-10-19 11:48:50,051 - Main.py:46 - tst - 2017-10-19 11:48:50:


2017-10-19 11:48:50,051 - Main.py:46 - tst - 2017-10-19 11:48:50:


2017-10-19 11:48:50,051 - Main.py:46 - tst - 2017-10-19 11:48:50:


2017-10-19 11:48:50,051 - Main.py:46 - tst - 2017-10-19 11:48:50:


2017-10-19 11:48:50,051 - Main.py:46 - tst - 2017-10-19 11:48:50:


2017-10-19 11:48:50,051 - Main.py:46 - tst - 2017-10-19 11:48:50:


2017-10-19 11:48:50,052 - Main.py:46 - tst - 2017-10-19 11:48:50:


2017-10-19 11:48:50,052 - Main.py:46 - tst - 2017-10-19 11:48:50:


2017-10-19 11:48:50,052 - Main.py:46 - tst - 2017-10-19 11:48:50:


2017-10-19 11:48:50,052 - Main.py:46 - tst - 2017-10-19 11:48:50:


2017-10-19 11:48:50,052 - Main.py:46 - tst - 2017-10-19 11:48:50:


2017-10-19 11:48:50,052 - Main.py:46 - tst - 2017-10-19 11:48:50:


2017-10-19 11:48:50,052 - Main.py:46 - tst - 2017-10-19 11:48:50:


2017-10-19 11:48:50,054 - Main.py:46 - tst - 2017-10-19 11:48:50:


2017-10-19 11:48:50,054 - Main.py:46 - tst - 2017-10-19 11:48:50:


2017-10-19 11:48:50,054 - Main.py:46 - tst - 2017-10-19 11:48:50:


2017-10-19 11:48:50,054 - Main.py:46 - tst - 2017-10-19 11:48:50:


2017-10-19 11:48:50,054 - Main.py:46 - tst - 2017-10-19 11:48:50:


2017-10-19 11:48:50,054 - Main.py:46 - tst - 2017-10-19 11:48:50:


2017-10-19 11:48:50,054 - Main.py:46 - tst - 2017-10-19 11:48:50:


2017-10-19 11:48:50,054 - Main.py:46 - tst - 2017-10-19 11:48:50:


2017-10-19 11:48:50,055 - Main.py:46 - tst - 2017-10-19 11:48:50:


2017-10-19 11:48:50,055 - Main.py:46 - tst - 2017-10-19 11:48:50:


2017-10-19 11:48:50,055 - Main.py:46 - tst - 2017-10-19 11:48:50:


2017-10-19 11:48:50,055 - Main.py:46 - tst - 2017-10-19 11:48:50:


2017-10-19 11:48:50,055 - Main.py:46 - tst - 2017-10-19 11:48:50:


2017-10-19 11:48:50,055 - Main.py:46 - tst - 2017-10-19 11:48:50:


2017-10-19 11:48:50,055 - Main.py:46 - tst - 2017-10-19 11:48:50:


2017-10-19 11:48:50,055 - Main.py:46 - tst - 2017-10-19 11:48:50:


2017-10-19 11:48:50,056 - Main.py:46 - tst - 2017-10-19 11:48:50:


2017-10-19 11:48:50,056 - Main.py:46 - tst - 2017-10-19 11:48:50:


2017-10-19 11:48:50,056 - Main.py:46 - tst - 2017-10-19 11:48:50:


2017-10-19 11:48:50,056 - Main.py:46 - tst - 2017-10-19 11:48:50:


2017-10-19 11:48:50,056 - Main.py:46 - tst - 2017-10-19 11:48:50:


2017-10-19 11:48:50,056 - Main.py:46 - tst - 2017-10-19 11:48:50:


2017-10-19 11:48:50,056 - Main.py:46 - tst - 2017-10-19 11:48:50:


2017-10-19 11:48:50,056 - Main.py:46 - tst - 2017-10-19 11:48:50:


2017-10-19 11:48:50,056 - Main.py:46 - tst - 2017-10-19 11:48:50:


2017-10-19 11:48:50,057 - Main.py:46 - tst - 2017-10-19 11:48:50:


2017-10-19 11:48:50,057 - Main.py:46 - tst - 2017-10-19 11:48:50:


2017-10-19 11:48:50,057 - Main.py:46 - tst - 2017-10-19 11:48:50:


2017-10-19 11:48:50,057 - Main.py:46 - tst - 2017-10-19 11:48:50:


2017-10-19 11:48:50,057 - Main.py:46 - tst - 2017-10-19 11:48:50:


2017-10-19 11:48:50,057 - Main.py:46 - tst - 2017-10-19 11:48:50:


2017-10-19 11:48:50,057 - Main.py:46 - tst - 2017-10-19 11:48:50:


2017-10-19 11:48:50,059 - Main.py:46 - tst - 2017-10-19 11:48:50:


2017-10-19 11:48:50,059 - Main.py:46 - tst - 2017-10-19 11:48:50:


2017-10-19 11:48:50,059 - Main.py:46 - tst - 2017-10-19 11:48:50:


2017-10-19 11:48:50,059 - Main.py:46 - tst - 2017-10-19 11:48:50:


2017-10-19 11:48:50,059 - Main.py:46 - tst - 2017-10-19 11:48:50:


2017-10-19 11:48:50,059 - Main.py:46 - tst - 2017-10-19 11:48:50:


2017-10-19 11:48:50,059 - Main.py:46 - tst - 2017-10-19 11:48:50:


2017-10-19 11:48:50,060 - Main.py:46 - tst - 2017-10-19 11:48:50:


2017-10-19 11:48:50,060 - Main.py:46 - tst - 2017-10-19 11:48:50:


2017-10-19 11:48:50,060 - Main.py:46 - tst - 2017-10-19 11:48:50:


2017-10-19 11:48:50,060 - Main.py:46 - tst - 2017-10-19 11:48:50:


2017-10-19 11:48:50,060 - Main.py:46 - tst - 2017-10-19 11:48:50:


2017-10-19 11:48:50,060 - Main.py:46 - tst - 2017-10-19 11:48:50:


2017-10-19 11:48:50,060 - Main.py:46 - tst - 2017-10-19 11:48:50:


2017-10-19 11:48:50,060 - Main.py:46 - tst - 2017-10-19 11:48:50:


2017-10-19 11:48:50,061 - Main.py:46 - tst - 2017-10-19 11:48:50:


2017-10-19 11:48:50,061 - Main.py:46 - tst - 2017-10-19 11:48:50:


2017-10-19 11:48:50,061 - Main.py:46 - tst - 2017-10-19 11:48:50:


2017-10-19 11:48:50,061 - Main.py:46 - tst - 2017-10-19 11:48:50:


2017-10-19 11:48:50,061 - Main.py:46 - tst - 2017-10-19 11:48:50:


2017-10-19 11:48:50,061 - Main.py:46 - tst - 2017-10-19 11:48:50:


2017-10-19 11:48:50,061 - Main.py:46 - tst - 2017-10-19 11:48:50:


2017-10-19 11:48:50,061 - Main.py:46 - tst - 2017-10-19 11:48:50:


2017-10-19 11:48:50,061 - Main.py:46 - tst - 2017-10-19 11:48:50:


2017-10-19 11:48:50,062 - Main.py:46 - tst - 2017-10-19 11:48:50:


2017-10-19 11:48:50,062 - Main.py:46 - tst - 2017-10-19 11:48:50:


2017-10-19 11:48:50,062 - Main.py:46 - tst - 2017-10-19 11:48:50:


2017-10-19 11:48:50,062 - Main.py:46 - tst - 2017-10-19 11:48:50:


2017-10-19 11:48:50,062 - Main.py:46 - tst - 2017-10-19 11:48:50:


2017-10-19 11:48:50,062 - Main.py:46 - tst - 2017-10-19 11:48:50:


2017-10-19 11:48:50,062 - Main.py:46 - tst - 2017-10-19 11:48:50:


2017-10-19 11:48:50,062 - Main.py:46 - tst - 2017-10-19 11:48:50:


2017-10-19 11:48:50,064 - Main.py:46 - tst - 2017-10-19 11:48:50:


2017-10-19 11:48:50,064 - Main.py:46 - tst - 2017-10-19 11:48:50:


2017-10-19 11:48:50,064 - Main.py:46 - tst - 2017-10-19 11:48:50:


2017-10-19 11:48:50,064 - Main.py:46 - tst - 2017-10-19 11:48:50:


2017-10-19 11:48:50,064 - Main.py:46 - tst - 2017-10-19 11:48:50:


2017-10-19 11:48:50,064 - Main.py:46 - tst - 2017-10-19 11:48:50:


2017-10-19 11:48:50,064 - Main.py:46 - tst - 2017-10-19 11:48:50:


2017-10-19 11:48:50,064 - Main.py:46 - tst - 2017-10-19 11:48:50:


2017-10-19 11:48:50,065 - Main.py:46 - tst - 2017-10-19 11:48:50:


2017-10-19 11:48:50,065 - Main.py:46 - tst - 2017-10-19 11:48:50:


2017-10-19 11:48:50,065 - Main.py:46 - tst - 2017-10-19 11:48:50:


2017-10-19 11:48:50,065 - Main.py:46 - tst - 2017-10-19 11:48:50:


2017-10-19 11:48:50,065 - Main.py:46 - tst - 2017-10-19 11:48:50:


2017-10-19 11:48:50,065 - Main.py:46 - tst - 2017-10-19 11:48:50:


2017-10-19 11:48:50,065 - Main.py:46 - tst - 2017-10-19 11:48:50:


2017-10-19 11:48:50,065 - Main.py:46 - tst - 2017-10-19 11:48:50:


2017-10-19 11:48:50,065 - Main.py:46 - tst - 2017-10-19 11:48:50:


2017-10-19 11:48:50,066 - Main.py:46 - tst - 2017-10-19 11:48:50:


2017-10-19 11:48:50,066 - Main.py:46 - tst - 2017-10-19 11:48:50:


2017-10-19 11:48:50,066 - Main.py:46 - tst - 2017-10-19 11:48:50:


2017-10-19 11:48:50,066 - Main.py:46 - tst - 2017-10-19 11:48:50:


2017-10-19 11:48:50,066 - Main.py:46 - tst - 2017-10-19 11:48:50:


2017-10-19 11:48:50,066 - Main.py:46 - tst - 2017-10-19 11:48:50:


2017-10-19 11:48:50,066 - Main.py:46 - tst - 2017-10-19 11:48:50:


2017-10-19 11:48:50,067 - Main.py:46 - tst - 2017-10-19 11:48:50:


2017-10-19 11:48:50,067 - Main.py:46 - tst - 2017-10-19 11:48:50:


2017-10-19 11:48:50,067 - Main.py:46 - tst - 2017-10-19 11:48:50:


2017-10-19 11:48:50,067 - Main.py:46 - tst - 2017-10-19 11:48:50:


2017-10-19 11:48:50,067 - Main.py:46 - tst - 2017-10-19 11:48:50:


2017-10-19 11:48:50,067 - Main.py:46 - tst - 2017-10-19 11:48:50:


2017-10-19 11:48:50,067 - Main.py:46 - tst - 2017-10-19 11:48:50:


2017-10-19 11:48:50,067 - Main.py:46 - tst - 2017-10-19 11:48:50:


2017-10-19 11:48:50,069 - Main.py:46 - tst - 2017-10-19 11:48:50:


2017-10-19 11:48:50,069 - Main.py:46 - tst - 2017-10-19 11:48:50:


2017-10-19 11:48:50,069 - Main.py:46 - tst - 2017-10-19 11:48:50:


2017-10-19 11:48:50,069 - Main.py:46 - tst - 2017-10-19 11:48:50:


2017-10-19 11:48:50,069 - Main.py:46 - tst - 2017-10-19 11:48:50:


2017-10-19 11:48:50,069 - Main.py:46 - tst - 2017-10-19 11:48:50:


2017-10-19 11:48:50,069 - Main.py:46 - tst - 2017-10-19 11:48:50:


2017-10-19 11:48:50,070 - Main.py:46 - tst - 2017-10-19 11:48:50:


2017-10-19 11:48:50,070 - Main.py:46 - tst - 2017-10-19 11:48:50:


2017-10-19 11:48:50,070 - Main.py:46 - tst - 2017-10-19 11:48:50:


2017-10-19 11:48:50,070 - Main.py:46 - tst - 2017-10-19 11:48:50:


2017-10-19 11:48:50,070 - Main.py:46 - tst - 2017-10-19 11:48:50:


2017-10-19 11:48:50,070 - Main.py:46 - tst - 2017-10-19 11:48:50:


2017-10-19 11:48:50,070 - Main.py:46 - tst - 2017-10-19 11:48:50:


2017-10-19 11:48:50,070 - Main.py:46 - tst - 2017-10-19 11:48:50:


2017-10-19 11:48:50,071 - Main.py:46 - tst - 2017-10-19 11:48:50:


2017-10-19 11:48:50,071 - Main.py:46 - tst - 2017-10-19 11:48:50:


2017-10-19 11:48:50,071 - Main.py:46 - tst - 2017-10-19 11:48:50:


2017-10-19 11:48:50,071 - Main.py:46 - tst - 2017-10-19 11:48:50:


2017-10-19 11:48:50,071 - Main.py:46 - tst - 2017-10-19 11:48:50:


2017-10-19 11:48:50,072 - Main.py:46 - tst - 2017-10-19 11:48:50:


2017-10-19 11:48:50,194 - Main.py:46 - tst - 2017-10-19 11:48:50:


2017-10-19 11:54:12,726 - Main.py:23 - tst - start logging
2017-10-19 11:54:12,796 - Main.py:37 - tst - 2017-10-19 11:54:12:
start

2017-10-19 11:55:15,854 - Main.py:23 - tst - start logging
2017-10-19 11:55:15,918 - Main.py:37 - tst - 2017-10-19 11:55:15:
start

2017-10-19 11:56:58,328 - Main.py:23 - tst - start logging
2017-10-19 11:56:58,392 - Main.py:37 - tst - 2017-10-19 11:56:58:
start

2017-10-19 11:57:00,613 - Main.py:47 - tst - 2017-10-19 11:57:00:
unknow command received

2017-10-19 11:57:20,668 - Main.py:23 - tst - start logging
2017-10-19 11:57:20,728 - Main.py:37 - tst - 2017-10-19 11:57:20:
start

2017-10-19 11:57:22,563 - Main.py:47 - tst - 2017-10-19 11:57:22:
unknow command received

2017-10-19 11:58:07,015 - Main.py:23 - tst - start logging
2017-10-19 11:58:07,079 - Main.py:37 - tst - 2017-10-19 11:58:07:
start

2017-10-19 11:58:08,380 - Main.py:47 - tst - 2017-10-19 11:58:08:
unknow command received

2017-10-19 11:58:38,726 - Main.py:23 - tst - start logging
2017-10-19 11:58:38,880 - Main.py:37 - tst - 2017-10-19 11:58:38:
start

2017-10-19 12:04:57,753 - Main.py:23 - tst - start logging
2017-10-19 12:04:57,818 - Main.py:37 - tst - 2017-10-19 12:04:57:
start

2017-10-19 12:07:03,328 - Main.py:23 - tst - start logging
2017-10-19 12:07:03,495 - Main.py:37 - tst - 2017-10-19 12:07:03:
start

2017-10-19 12:07:46,735 - Main.py:23 - tst - start logging
2017-10-19 12:07:46,899 - Main.py:37 - tst - 2017-10-19 12:07:46:
start

2017-10-19 12:08:46,759 - Main.py:23 - tst - start logging
2017-10-19 12:08:46,812 - Main.py:37 - tst - 2017-10-19 12:08:46:
start

2017-10-19 12:09:16,518 - Main.py:23 - tst - start logging
2017-10-19 12:09:16,585 - Main.py:37 - tst - 2017-10-19 12:09:16:
start

2017-10-19 12:09:46,041 - Main.py:23 - tst - start logging
2017-10-19 12:09:46,200 - Main.py:37 - tst - 2017-10-19 12:09:46:
start

2017-10-19 12:10:03,146 - Main.py:23 - tst - start logging
2017-10-19 12:10:03,316 - Main.py:37 - tst - 2017-10-19 12:10:03:
start

2017-10-19 12:10:13,051 - Main.py:23 - tst - start logging
2017-10-19 12:10:13,212 - Main.py:37 - tst - 2017-10-19 12:10:13:
start

2017-10-19 12:12:32,535 - Main.py:23 - tst - start logging
2017-10-19 12:12:32,730 - Main.py:37 - tst - 2017-10-19 12:12:32:
start

2017-10-19 12:12:48,575 - Main.py:47 - tst - 2017-10-19 12:12:48:
unknow command received

2017-10-19 12:13:13,010 - Main.py:23 - tst - start logging
2017-10-19 12:13:13,169 - Main.py:37 - tst - 2017-10-19 12:13:13:
start

2017-10-19 12:18:08,295 - Main.py:23 - tst - start logging
2017-10-19 12:18:08,458 - Main.py:46 - tst - 2017-10-19 12:18:08:
start

2017-10-19 12:18:10,788 - Main.py:56 - tst - 2017-10-19 12:18:10:
unknow command received

2017-10-19 12:23:00,620 - Main.py:23 - tst - start logging
2017-10-19 12:23:00,696 - Main.py:47 - tst - 2017-10-19 12:23:00:
start

2017-10-19 12:24:38,487 - Main.py:23 - tst - start logging
2017-10-19 12:24:38,708 - Main.py:47 - tst - 2017-10-19 12:24:38:
start

2017-10-19 12:27:45,900 - Main.py:23 - tst - start logging
2017-10-19 12:27:45,984 - Main.py:47 - tst - 2017-10-19 12:27:45:
start

2017-10-19 12:27:50,455 - Main.py:57 - tst - 2017-10-19 12:27:50:
unknow command received

2017-10-19 12:28:31,304 - Main.py:23 - tst - start logging
2017-10-19 12:28:31,473 - Main.py:47 - tst - 2017-10-19 12:28:31:
start

2017-10-19 12:28:37,422 - Main.py:57 - tst - 2017-10-19 12:28:37:
unknow command received

2017-10-19 12:29:36,264 - Main.py:23 - tst - start logging
2017-10-19 12:29:36,333 - Main.py:47 - tst - 2017-10-19 12:29:36:
start

2017-10-19 12:29:47,705 - Main.py:23 - tst - start logging
2017-10-19 12:29:47,769 - Main.py:47 - tst - 2017-10-19 12:29:47:
start

2017-10-19 12:30:05,425 - Main.py:23 - tst - start logging
2017-10-19 12:30:05,488 - Main.py:47 - tst - 2017-10-19 12:30:05:
start

2017-10-19 12:31:00,422 - Main.py:23 - tst - start logging
2017-10-19 12:31:00,480 - Main.py:47 - tst - 2017-10-19 12:31:00:
start

2017-10-19 12:31:14,689 - Main.py:23 - tst - start logging
2017-10-19 12:31:14,759 - Main.py:47 - tst - 2017-10-19 12:31:14:
start

2017-10-19 12:31:31,975 - Main.py:23 - tst - start logging
2017-10-19 12:31:32,034 - Main.py:47 - tst - 2017-10-19 12:31:32:
start

2017-10-19 12:31:33,500 - Main.py:57 - tst - 2017-10-19 12:31:33:
unknow command received

2017-10-19 12:35:35,247 - Main.py:23 - tst - start logging
2017-10-19 12:35:35,411 - Main.py:47 - tst - 2017-10-19 12:35:35:
start

2017-10-19 12:35:39,473 - Main.py:57 - tst - 2017-10-19 12:35:39:
unknow command received

2017-10-19 12:35:41,394 - Main.py:57 - tst - 2017-10-19 12:35:41:
unknow command received

2017-10-19 12:38:02,083 - Main.py:23 - tst - start logging
2017-10-19 12:38:02,141 - Main.py:47 - tst - 2017-10-19 12:38:02:
start

2017-10-19 12:39:27,770 - Main.py:23 - tst - start logging
2017-10-19 12:39:33,900 - Main.py:23 - tst - start logging
2017-10-19 12:39:55,172 - Main.py:23 - tst - start logging
2017-10-19 12:39:55,334 - Main.py:47 - tst - 2017-10-19 12:39:55:
start

2017-10-19 12:40:08,838 - Main.py:57 - tst - 2017-10-19 12:40:08:
unknow command received

2017-10-19 12:48:04,658 - Main.py:23 - tst - start logging
2017-10-19 12:48:04,735 - Main.py:47 - tst - 2017-10-19 12:48:04:
start

2017-10-19 12:48:06,411 - Main.py:57 - tst - 2017-10-19 12:48:06:
unknow command received

2017-10-19 12:48:29,199 - Main.py:57 - tst - 2017-10-19 12:48:29:
unknow command received

2017-10-19 12:48:30,735 - Main.py:57 - tst - 2017-10-19 12:48:30:
unknow command received

2017-10-19 12:49:11,515 - Main.py:23 - tst - start logging
2017-10-19 12:49:11,584 - Main.py:47 - tst - 2017-10-19 12:49:11:
start

2017-10-19 12:49:14,079 - Main.py:57 - tst - 2017-10-19 12:49:14:
unknow command received

2017-10-19 12:49:38,831 - Main.py:57 - tst - 2017-10-19 12:49:38:
unknow command received

2017-10-19 12:49:39,838 - Main.py:57 - tst - 2017-10-19 12:49:39:
unknow command received

2017-10-19 12:49:40,503 - Main.py:57 - tst - 2017-10-19 12:49:40:
unknow command received

2017-10-19 12:49:41,152 - Main.py:57 - tst - 2017-10-19 12:49:41:
unknow command received

2017-10-19 12:50:09,204 - Main.py:23 - tst - start logging
2017-10-19 12:50:09,279 - Main.py:49 - tst - 2017-10-19 12:50:09:
start

2017-10-19 12:50:12,825 - Main.py:59 - tst - 2017-10-19 12:50:12:
unknow command received

2017-10-19 12:50:22,280 - Main.py:59 - tst - 2017-10-19 12:50:22:
unknow command received

2017-10-19 12:50:22,970 - Main.py:59 - tst - 2017-10-19 12:50:22:
unknow command received

2017-10-19 12:59:53,489 - Main.py:23 - tst - start logging
2017-10-19 12:59:53,555 - Main.py:49 - tst - 2017-10-19 12:59:53:
start

2017-10-19 12:59:55,358 - Main.py:59 - tst - 2017-10-19 12:59:55:
Buffer1: HaveBoxBuffer2: EmptyBuffer3: Empty

2017-10-19 13:00:09,011 - Main.py:23 - tst - start logging
2017-10-19 13:00:09,086 - Main.py:49 - tst - 2017-10-19 13:00:09:
start

2017-10-19 13:00:10,620 - Main.py:59 - tst - 2017-10-19 13:00:10:
Buffer1: HaveBoxBuffer2: EmptyBuffer3: Empty

2017-10-19 13:01:21,314 - Main.py:23 - tst - start logging
2017-10-19 13:01:21,483 - Main.py:49 - tst - 2017-10-19 13:01:21:
start

2017-10-19 13:01:22,918 - Main.py:59 - tst - 2017-10-19 13:01:22:
Buffer1: HaveBox  Buffer2: Empty  Buffer3: Empty

2017-10-19 13:01:34,170 - Main.py:59 - tst - 2017-10-19 13:01:34:
Buffer1: HaveBox  Buffer2: Empty  Buffer3: Empty

2017-10-19 13:01:49,224 - Main.py:23 - tst - start logging
2017-10-19 13:01:49,389 - Main.py:49 - tst - 2017-10-19 13:01:49:
start

2017-10-19 13:02:03,285 - Main.py:23 - tst - start logging
2017-10-19 13:02:03,442 - Main.py:49 - tst - 2017-10-19 13:02:03:
start

2017-10-19 13:02:15,648 - Main.py:23 - tst - start logging
2017-10-19 13:02:15,718 - Main.py:49 - tst - 2017-10-19 13:02:15:
start

2017-10-19 13:02:22,530 - Main.py:23 - tst - start logging
2017-10-19 13:02:22,601 - Main.py:49 - tst - 2017-10-19 13:02:22:
start

2017-10-19 13:02:31,361 - Main.py:23 - tst - start logging
2017-10-19 13:02:31,422 - Main.py:49 - tst - 2017-10-19 13:02:31:
start

2017-10-19 13:02:45,214 - Main.py:23 - tst - start logging
2017-10-19 13:02:45,369 - Main.py:49 - tst - 2017-10-19 13:02:45:
start

2017-10-19 13:02:54,570 - Main.py:23 - tst - start logging
2017-10-19 13:02:54,640 - Main.py:49 - tst - 2017-10-19 13:02:54:
start

2017-10-19 13:03:09,383 - Main.py:23 - tst - start logging
2017-10-19 13:03:09,541 - Main.py:49 - tst - 2017-10-19 13:03:09:
start

2017-10-19 13:03:18,658 - Main.py:23 - tst - start logging
2017-10-19 13:03:18,714 - Main.py:49 - tst - 2017-10-19 13:03:18:
start

2017-10-19 13:03:29,810 - Main.py:59 - tst - 2017-10-19 13:03:29:
Buffer1: HaveBox  Buffer2: Empty  Buffer3: Empty

2017-10-19 14:26:31,093 - Main.py:23 - tst - start logging
2017-10-19 14:26:31,181 - Main.py:49 - tst - 2017-10-19 14:26:31:
start

2017-10-19 14:43:51,296 - Main.py:23 - tst - start logging
2017-10-19 14:43:51,464 - Main.py:49 - tst - 2017-10-19 14:43:51:
start

2017-10-19 14:43:53,758 - Main.py:60 - tst - 2017-10-19 14:43:53:
Buffer1: HaveBox  Buffer2: HaveBox  Buffer3: Empty

2017-10-19 14:44:33,139 - Main.py:60 - tst - 2017-10-19 14:44:33:
Buffer1: HaveBox  Buffer2: HaveBox  Buffer3: Empty

2017-10-19 14:44:58,424 - Main.py:60 - tst - 2017-10-19 14:44:58:
Buffer1: HaveBox  Buffer2: HaveBox  Buffer3: Empty

2017-10-19 14:44:58,972 - Main.py:60 - tst - 2017-10-19 14:44:58:
Buffer1: HaveBox  Buffer2: HaveBox  Buffer3: Empty

2017-10-19 14:45:06,308 - Main.py:60 - tst - 2017-10-19 14:45:06:
Buffer1: HaveBox  Buffer2: HaveBox  Buffer3: Empty

2017-10-19 14:45:06,869 - Main.py:60 - tst - 2017-10-19 14:45:06:
Buffer1: HaveBox  Buffer2: HaveBox  Buffer3: Empty

2017-10-19 14:45:07,428 - Main.py:60 - tst - 2017-10-19 14:45:07:
Buffer1: HaveBox  Buffer2: HaveBox  Buffer3: Empty

2017-10-19 14:45:07,964 - Main.py:60 - tst - 2017-10-19 14:45:07:
Buffer1: HaveBox  Buffer2: HaveBox  Buffer3: Empty

2017-10-19 14:45:08,524 - Main.py:60 - tst - 2017-10-19 14:45:08:
Buffer1: HaveBox  Buffer2: HaveBox  Buffer3: Empty

2017-10-19 14:45:09,068 - Main.py:60 - tst - 2017-10-19 14:45:09:
Buffer1: HaveBox  Buffer2: HaveBox  Buffer3: Empty

2017-10-19 14:45:09,597 - Main.py:60 - tst - 2017-10-19 14:45:09:
Buffer1: HaveBox  Buffer2: HaveBox  Buffer3: Empty

2017-10-19 14:45:10,148 - Main.py:60 - tst - 2017-10-19 14:45:10:
Buffer1: HaveBox  Buffer2: HaveBox  Buffer3: Empty

2017-10-19 14:45:10,693 - Main.py:60 - tst - 2017-10-19 14:45:10:
Buffer1: HaveBox  Buffer2: HaveBox  Buffer3: Empty

2017-10-19 14:45:11,244 - Main.py:60 - tst - 2017-10-19 14:45:11:
Buffer1: HaveBox  Buffer2: HaveBox  Buffer3: Empty

2017-10-19 14:45:11,773 - Main.py:60 - tst - 2017-10-19 14:45:11:
Buffer1: HaveBox  Buffer2: HaveBox  Buffer3: Empty

2017-10-19 14:45:12,337 - Main.py:60 - tst - 2017-10-19 14:45:12:
Buffer1: HaveBox  Buffer2: HaveBox  Buffer3: Empty

2017-10-19 14:45:13,079 - Main.py:60 - tst - 2017-10-19 14:45:13:
Buffer1: HaveBox  Buffer2: HaveBox  Buffer3: Empty

2017-10-19 14:45:13,831 - Main.py:60 - tst - 2017-10-19 14:45:13:
Buffer1: HaveBox  Buffer2: HaveBox  Buffer3: Empty

2017-10-19 14:45:15,335 - Main.py:60 - tst - 2017-10-19 14:45:15:
Buffer1: HaveBox  Buffer2: HaveBox  Buffer3: Empty

2017-10-19 14:45:15,932 - Main.py:60 - tst - 2017-10-19 14:45:15:
Buffer1: HaveBox  Buffer2: HaveBox  Buffer3: Empty

2017-10-19 14:45:16,486 - Main.py:60 - tst - 2017-10-19 14:45:16:
Buffer1: HaveBox  Buffer2: HaveBox  Buffer3: Empty

